<?xml version="1.0" encoding="UTF-8"?>
<testng-results skipped="0" failed="0" ignored="0" total="4" passed="4">
  <reporter-output>
  </reporter-output>
  <suite name="Suite" duration-ms="31915" started-at="2021-01-31T13:00:41 IST" finished-at="2021-01-31T13:01:13 IST">
    <groups>
    </groups>
    <test name="Test" duration-ms="19942" started-at="2021-01-31T13:00:41 IST" finished-at="2021-01-31T13:01:01 IST">
      <class name="Academy.HomePage">
        <test-method status="PASS" signature="initialize()[pri:0, instance:Academy.HomePage@72035809]" name="initialize" is-config="true" duration-ms="5283" started-at="2021-01-31T13:00:41 IST" finished-at="2021-01-31T13:00:46 IST">
          <reporter-output>
          </reporter-output>
        </test-method> <!-- initialize -->
        <test-method status="PASS" signature="basePageNavigation(java.lang.String, java.lang.String)[pri:0, instance:Academy.HomePage@72035809]" name="basePageNavigation" duration-ms="9661" started-at="2021-01-31T13:00:46 IST" data-provider="getData" finished-at="2021-01-31T13:00:56 IST">
          <params>
            <param index="0">
              <value>
                <![CDATA[maruf@mail.com]]>
              </value>
            </param>
            <param index="1">
              <value>
                <![CDATA[12345]]>
              </value>
            </param>
          </params>
          <reporter-output>
          </reporter-output>
        </test-method> <!-- basePageNavigation -->
        <test-method status="PASS" signature="basePageNavigation(java.lang.String, java.lang.String)[pri:0, instance:Academy.HomePage@72035809]" name="basePageNavigation" duration-ms="4217" started-at="2021-01-31T13:00:56 IST" data-provider="getData" finished-at="2021-01-31T13:01:00 IST">
          <params>
            <param index="0">
              <value>
                <![CDATA[mallick@mail.com]]>
              </value>
            </param>
            <param index="1">
              <value>
                <![CDATA[7890]]>
              </value>
            </param>
          </params>
          <reporter-output>
          </reporter-output>
        </test-method> <!-- basePageNavigation -->
        <test-method status="PASS" signature="tearDown()[pri:0, instance:Academy.HomePage@72035809]" name="tearDown" is-config="true" duration-ms="677" started-at="2021-01-31T13:01:00 IST" finished-at="2021-01-31T13:01:01 IST">
          <reporter-output>
          </reporter-output>
        </test-method> <!-- tearDown -->
      </class> <!-- Academy.HomePage -->
    </test> <!-- Test -->
    <test name="Test2" duration-ms="11279" started-at="2021-01-31T13:01:01 IST" finished-at="2021-01-31T13:01:13 IST">
      <class name="Academy.ValidateTitle">
        <test-method status="PASS" signature="initialize()[pri:0, instance:Academy.ValidateTitle@268f106e]" name="initialize" is-config="true" duration-ms="3441" started-at="2021-01-31T13:01:01 IST" finished-at="2021-01-31T13:01:05 IST">
          <reporter-output>
          </reporter-output>
        </test-method> <!-- initialize -->
        <test-method status="PASS" signature="validateTitle(java.lang.String, java.lang.String)[pri:0, instance:Academy.ValidateTitle@268f106e]" name="validateTitle" duration-ms="5614" started-at="2021-01-31T13:01:05 IST" data-provider="getData" finished-at="2021-01-31T13:01:10 IST">
          <params>
            <param index="0">
              <value>
                <![CDATA[maruf@mail.com]]>
              </value>
            </param>
            <param index="1">
              <value>
                <![CDATA[12345]]>
              </value>
            </param>
          </params>
          <reporter-output>
          </reporter-output>
        </test-method> <!-- validateTitle -->
        <test-method status="PASS" signature="validateTitle(java.lang.String, java.lang.String)[pri:0, instance:Academy.ValidateTitle@268f106e]" name="validateTitle" duration-ms="1568" started-at="2021-01-31T13:01:10 IST" data-provider="getData" finished-at="2021-01-31T13:01:12 IST">
          <params>
            <param index="0">
              <value>
                <![CDATA[mallick@mail.com]]>
              </value>
            </param>
            <param index="1">
              <value>
                <![CDATA[7890]]>
              </value>
            </param>
          </params>
          <reporter-output>
          </reporter-output>
        </test-method> <!-- validateTitle -->
        <test-method status="PASS" signature="tearDown()[pri:0, instance:Academy.ValidateTitle@268f106e]" name="tearDown" is-config="true" duration-ms="656" started-at="2021-01-31T13:01:12 IST" finished-at="2021-01-31T13:01:13 IST">
          <reporter-output>
          </reporter-output>
        </test-method> <!-- tearDown -->
      </class> <!-- Academy.ValidateTitle -->
    </test> <!-- Test2 -->
  </suite> <!-- Suite -->
</testng-results>
